{"D:\\Proga\\RSSchool React\\rss-react\\react-testing\\mocks\\styleMock.js": {"path":"D:\\Proga\\RSSchool React\\rss-react\\react-testing\\mocks\\styleMock.js","statementMap":{"0":{"start":{"line":1,"column":0},"end":{"line":1,"column":34}}},"fnMap":{},"branchMap":{},"s":{"0":5},"f":{},"b":{},"inputSourceMap":null,"_coverageSchema":"1a1c01bbd47fc00a2c39e90264f33305004495a9","hash":"429b37fd5d612372c42c4f5aaec8de575edfda5d"}
,"D:\\Proga\\RSSchool React\\rss-react\\react-testing\\src\\app\\actions.ts": {"path":"D:\\Proga\\RSSchool React\\rss-react\\react-testing\\src\\app\\actions.ts","statementMap":{"0":{"start":{"line":14,"column":27},"end":{"line":14,"column":114}},"1":{"start":{"line":14,"column":81},"end":{"line":14,"column":113}},"2":{"start":{"line":14,"column":13},"end":{"line":14,"column":27}},"3":{"start":{"line":15,"column":25},"end":{"line":15,"column":102}},"4":{"start":{"line":15,"column":74},"end":{"line":15,"column":101}},"5":{"start":{"line":15,"column":13},"end":{"line":15,"column":25}}},"fnMap":{"0":{"name":"(anonymous_0)","decl":{"start":{"line":14,"column":27},"end":{"line":14,"column":31}},"loc":{"start":{"line":14,"column":81},"end":{"line":14,"column":113}}},"1":{"name":"(anonymous_1)","decl":{"start":{"line":15,"column":25},"end":{"line":15,"column":26}},"loc":{"start":{"line":15,"column":74},"end":{"line":15,"column":101}}}},"branchMap":{},"s":{"0":3,"1":1,"2":3,"3":3,"4":1,"5":3},"f":{"0":1,"1":1},"b":{}}
,"D:\\Proga\\RSSchool React\\rss-react\\react-testing\\src\\app\\reducer.tsx": {"path":"D:\\Proga\\RSSchool React\\rss-react\\react-testing\\src\\app\\reducer.tsx","statementMap":{"0":{"start":{"line":1,"column":13},"end":{"line":7,"column":2}},"1":{"start":{"line":9,"column":2},"end":{"line":19,"column":null}},"2":{"start":{"line":11,"column":6},"end":{"line":11,"column":52}},"3":{"start":{"line":13,"column":6},"end":{"line":16,"column":9}},"4":{"start":{"line":18,"column":6},"end":{"line":18,"column":null}},"5":{"start":{"line":21,"column":0},"end":{"line":21,"column":23}}},"fnMap":{"0":{"name":"reducer","decl":{"start":{"line":8,"column":9},"end":{"line":8,"column":16}},"loc":{"start":{"line":8,"column":50},"end":{"line":20,"column":1}}}},"branchMap":{"0":{"loc":{"start":{"line":8,"column":25},"end":{"line":8,"column":37}},"type":"default-arg","locations":[{"start":{"line":8,"column":25},"end":{"line":8,"column":37}}]},"1":{"loc":{"start":{"line":10,"column":4},"end":{"line":11,"column":52}},"type":"switch","locations":[{"start":{"line":10,"column":4},"end":{"line":11,"column":52}},{"start":{"line":12,"column":4},"end":{"line":16,"column":9}},{"start":{"line":17,"column":4},"end":{"line":18,"column":null}}]}},"s":{"0":5,"1":6,"2":0,"3":1,"4":5,"5":5},"f":{"0":6},"b":{"0":[4],"1":[0,1,5]}}
,"D:\\Proga\\RSSchool React\\rss-react\\react-testing\\src\\app\\store.tsx": {"path":"D:\\Proga\\RSSchool React\\rss-react\\react-testing\\src\\app\\store.tsx","statementMap":{"0":{"start":{"line":1,"column":0},"end":{"line":1,"column":36}},"1":{"start":{"line":2,"column":0},"end":{"line":2,"column":63}},"2":{"start":{"line":3,"column":0},"end":{"line":3,"column":32}},"3":{"start":{"line":13,"column":14},"end":{"line":15,"column":null}},"4":{"start":{"line":17,"column":0},"end":{"line":17,"column":21}}},"fnMap":{},"branchMap":{},"s":{"0":4,"1":4,"2":4,"3":4,"4":4},"f":{},"b":{}}
,"D:\\Proga\\RSSchool React\\rss-react\\react-testing\\src\\components\\404.tsx": {"path":"D:\\Proga\\RSSchool React\\rss-react\\react-testing\\src\\components\\404.tsx","statementMap":{"0":{"start":{"line":1,"column":0},"end":{"line":1,"column":44}},"1":{"start":{"line":2,"column":0},"end":{"line":2,"column":19}},"2":{"start":{"line":4,"column":16},"end":{"line":8,"column":null}},"3":{"start":{"line":5,"column":2},"end":{"line":8,"column":null}},"4":{"start":{"line":11,"column":0},"end":{"line":11,"column":null}}},"fnMap":{"0":{"name":"(anonymous_1)","decl":{"start":{"line":4,"column":16},"end":{"line":4,"column":33}},"loc":{"start":{"line":5,"column":2},"end":{"line":8,"column":null}}}},"branchMap":{},"s":{"0":2,"1":2,"2":2,"3":1,"4":2},"f":{"0":1},"b":{}}
,"D:\\Proga\\RSSchool React\\rss-react\\react-testing\\src\\components\\app.tsx": {"path":"D:\\Proga\\RSSchool React\\rss-react\\react-testing\\src\\components\\app.tsx","statementMap":{"0":{"start":{"line":1,"column":0},"end":{"line":1,"column":44}},"1":{"start":{"line":2,"column":0},"end":{"line":2,"column":64}},"2":{"start":{"line":3,"column":0},"end":{"line":3,"column":42}},"3":{"start":{"line":4,"column":0},"end":{"line":4,"column":55}},"4":{"start":{"line":5,"column":0},"end":{"line":5,"column":28}},"5":{"start":{"line":6,"column":0},"end":{"line":6,"column":26}},"6":{"start":{"line":7,"column":0},"end":{"line":7,"column":30}},"7":{"start":{"line":8,"column":0},"end":{"line":8,"column":28}},"8":{"start":{"line":9,"column":0},"end":{"line":9,"column":41}},"9":{"start":{"line":12,"column":12},"end":{"line":62,"column":1}},"10":{"start":{"line":14,"column":28},"end":{"line":14,"column":74}},"11":{"start":{"line":14,"column":62},"end":{"line":14,"column":73}},"12":{"start":{"line":16,"column":2},"end":{"line":61,"column":null}},"13":{"start":{"line":21,"column":10},"end":{"line":31,"column":null}},"14":{"start":{"line":37,"column":10},"end":{"line":45,"column":null}},"15":{"start":{"line":50,"column":33},"end":{"line":50,"column":73}},"16":{"start":{"line":51,"column":20},"end":{"line":51,"column":62}},"17":{"start":{"line":52,"column":28},"end":{"line":52,"column":67}},"18":{"start":{"line":53,"column":8},"end":{"line":55,"column":null}},"19":{"start":{"line":64,"column":0},"end":{"line":64,"column":19}}},"fnMap":{"0":{"name":"(anonymous_1)","decl":{"start":{"line":12,"column":12},"end":{"line":12,"column":29}},"loc":{"start":{"line":12,"column":31},"end":{"line":62,"column":1}}},"1":{"name":"(anonymous_2)","decl":{"start":{"line":14,"column":40},"end":{"line":14,"column":41}},"loc":{"start":{"line":14,"column":62},"end":{"line":14,"column":73}}},"2":{"name":"(anonymous_3)","decl":{"start":{"line":20,"column":9},"end":{"line":20,"column":10}},"loc":{"start":{"line":21,"column":10},"end":{"line":31,"column":null}}},"3":{"name":"(anonymous_4)","decl":{"start":{"line":36,"column":9},"end":{"line":36,"column":10}},"loc":{"start":{"line":37,"column":10},"end":{"line":45,"column":null}}},"4":{"name":"(anonymous_5)","decl":{"start":{"line":49,"column":41},"end":{"line":49,"column":42}},"loc":{"start":{"line":49,"column":56},"end":{"line":56,"column":7}}}},"branchMap":{"0":{"loc":{"start":{"line":29,"column":15},"end":{"line":29,"column":18}},"type":"binary-expr","locations":[{"start":{"line":29,"column":15},"end":{"line":29,"column":18}},{"start":{"line":29,"column":22},"end":{"line":29,"column":null}}]},"1":{"loc":{"start":{"line":30,"column":15},"end":{"line":30,"column":19}},"type":"binary-expr","locations":[{"start":{"line":30,"column":15},"end":{"line":30,"column":19}},{"start":{"line":30,"column":23},"end":{"line":30,"column":32}}]}},"s":{"0":1,"1":1,"2":1,"3":1,"4":1,"5":1,"6":1,"7":1,"8":1,"9":1,"10":2,"11":4,"12":2,"13":3,"14":3,"15":0,"16":0,"17":0,"18":0,"19":1},"f":{"0":2,"1":4,"2":3,"3":3,"4":0},"b":{"0":[3,0],"1":[3,3]}}
,"D:\\Proga\\RSSchool React\\rss-react\\react-testing\\src\\components\\form.tsx": {"path":"D:\\Proga\\RSSchool React\\rss-react\\react-testing\\src\\components\\form.tsx","statementMap":{"0":{"start":{"line":1,"column":0},"end":{"line":1,"column":81}},"1":{"start":{"line":2,"column":0},"end":{"line":2,"column":55}},"2":{"start":{"line":3,"column":0},"end":{"line":3,"column":20}},"3":{"start":{"line":4,"column":0},"end":{"line":4,"column":54}},"4":{"start":{"line":7,"column":13},"end":{"line":81,"column":1}},"5":{"start":{"line":9,"column":19},"end":{"line":9,"column":32}},"6":{"start":{"line":10,"column":16},"end":{"line":10,"column":62}},"7":{"start":{"line":10,"column":50},"end":{"line":10,"column":61}},"8":{"start":{"line":12,"column":30},"end":{"line":12,"column":42}},"9":{"start":{"line":13,"column":40},"end":{"line":13,"column":55}},"10":{"start":{"line":14,"column":32},"end":{"line":14,"column":47}},"11":{"start":{"line":15,"column":26},"end":{"line":15,"column":48}},"12":{"start":{"line":16,"column":46},"end":{"line":16,"column":58}},"13":{"start":{"line":17,"column":42},"end":{"line":17,"column":55}},"14":{"start":{"line":18,"column":38},"end":{"line":18,"column":51}},"15":{"start":{"line":21,"column":4},"end":{"line":21,"column":38}},"16":{"start":{"line":21,"column":15},"end":{"line":21,"column":38}},"17":{"start":{"line":22,"column":4},"end":{"line":22,"column":42}},"18":{"start":{"line":22,"column":20},"end":{"line":22,"column":42}},"19":{"start":{"line":23,"column":4},"end":{"line":23,"column":62}},"20":{"start":{"line":23,"column":12},"end":{"line":23,"column":62}},"21":{"start":{"line":24,"column":4},"end":{"line":38,"column":32}},"22":{"start":{"line":25,"column":6},"end":{"line":25,"column":23}},"23":{"start":{"line":26,"column":6},"end":{"line":37,"column":null}},"24":{"start":{"line":27,"column":22},"end":{"line":27,"column":33}},"25":{"start":{"line":29,"column":12},"end":{"line":33,"column":null}},"26":{"start":{"line":30,"column":14},"end":{"line":30,"column":32}},"27":{"start":{"line":31,"column":14},"end":{"line":31,"column":50}},"28":{"start":{"line":32,"column":14},"end":{"line":32,"column":null}},"29":{"start":{"line":33,"column":19},"end":{"line":33,"column":null}},"30":{"start":{"line":35,"column":14},"end":{"line":35,"column":70}},"31":{"start":{"line":36,"column":14},"end":{"line":36,"column":32}},"32":{"start":{"line":38,"column":11},"end":{"line":38,"column":32}},"33":{"start":{"line":41,"column":4},"end":{"line":45,"column":null}},"34":{"start":{"line":42,"column":6},"end":{"line":42,"column":54}},"35":{"start":{"line":42,"column":29},"end":{"line":42,"column":51}},"36":{"start":{"line":43,"column":11},"end":{"line":45,"column":null}},"37":{"start":{"line":44,"column":8},"end":{"line":44,"column":55}},"38":{"start":{"line":44,"column":31},"end":{"line":44,"column":53}},"39":{"start":{"line":47,"column":2},"end":{"line":49,"column":24}},"40":{"start":{"line":48,"column":4},"end":{"line":48,"column":19}},"41":{"start":{"line":51,"column":2},"end":{"line":80,"column":null}},"42":{"start":{"line":55,"column":121},"end":{"line":55,"column":147}},"43":{"start":{"line":60,"column":85},"end":{"line":60,"column":105}},"44":{"start":{"line":61,"column":85},"end":{"line":61,"column":106}},"45":{"start":{"line":62,"column":85},"end":{"line":62,"column":107}},"46":{"start":{"line":70,"column":102},"end":{"line":70,"column":143}},"47":{"start":{"line":83,"column":0},"end":{"line":83,"column":20}}},"fnMap":{"0":{"name":"(anonymous_6)","decl":{"start":{"line":7,"column":13},"end":{"line":7,"column":30}},"loc":{"start":{"line":7,"column":32},"end":{"line":81,"column":1}}},"1":{"name":"(anonymous_7)","decl":{"start":{"line":10,"column":28},"end":{"line":10,"column":29}},"loc":{"start":{"line":10,"column":50},"end":{"line":10,"column":61}}},"2":{"name":"handleSubmit","decl":{"start":{"line":20,"column":11},"end":{"line":20,"column":23}},"loc":{"start":{"line":20,"column":64},"end":{"line":39,"column":3}}},"3":{"name":"(anonymous_9)","decl":{"start":{"line":27,"column":14},"end":{"line":27,"column":18}},"loc":{"start":{"line":27,"column":22},"end":{"line":27,"column":33}}},"4":{"name":"(anonymous_10)","decl":{"start":{"line":28,"column":16},"end":{"line":28,"column":19}},"loc":{"start":{"line":28,"column":22},"end":{"line":34,"column":11}}},"5":{"name":"(anonymous_11)","decl":{"start":{"line":34,"column":19},"end":{"line":34,"column":20}},"loc":{"start":{"line":34,"column":25},"end":{"line":37,"column":11}}},"6":{"name":"changePageNumber","decl":{"start":{"line":40,"column":11},"end":{"line":40,"column":27}},"loc":{"start":{"line":40,"column":49},"end":{"line":46,"column":3}}},"7":{"name":"(anonymous_13)","decl":{"start":{"line":42,"column":20},"end":{"line":42,"column":25}},"loc":{"start":{"line":42,"column":29},"end":{"line":42,"column":51}}},"8":{"name":"(anonymous_14)","decl":{"start":{"line":44,"column":22},"end":{"line":44,"column":27}},"loc":{"start":{"line":44,"column":31},"end":{"line":44,"column":53}}},"9":{"name":"(anonymous_15)","decl":{"start":{"line":47,"column":12},"end":{"line":47,"column":14}},"loc":{"start":{"line":47,"column":16},"end":{"line":49,"column":5}}},"10":{"name":"(anonymous_16)","decl":{"start":{"line":55,"column":113},"end":{"line":55,"column":114}},"loc":{"start":{"line":55,"column":119},"end":{"line":55,"column":147}}},"11":{"name":"(anonymous_17)","decl":{"start":{"line":60,"column":79},"end":{"line":60,"column":82}},"loc":{"start":{"line":60,"column":85},"end":{"line":60,"column":105}}},"12":{"name":"(anonymous_18)","decl":{"start":{"line":61,"column":79},"end":{"line":61,"column":82}},"loc":{"start":{"line":61,"column":85},"end":{"line":61,"column":106}}},"13":{"name":"(anonymous_19)","decl":{"start":{"line":62,"column":79},"end":{"line":62,"column":82}},"loc":{"start":{"line":62,"column":85},"end":{"line":62,"column":107}}},"14":{"name":"(anonymous_20)","decl":{"start":{"line":70,"column":95},"end":{"line":70,"column":96}},"loc":{"start":{"line":70,"column":102},"end":{"line":70,"column":143}}}},"branchMap":{"0":{"loc":{"start":{"line":21,"column":4},"end":{"line":21,"column":38}},"type":"if","locations":[{"start":{"line":21,"column":4},"end":{"line":21,"column":38}},{"start":{"line":21,"column":4},"end":{"line":21,"column":38}}]},"1":{"loc":{"start":{"line":22,"column":4},"end":{"line":22,"column":42}},"type":"if","locations":[{"start":{"line":22,"column":4},"end":{"line":22,"column":42}},{"start":{"line":22,"column":4},"end":{"line":22,"column":42}}]},"2":{"loc":{"start":{"line":23,"column":4},"end":{"line":23,"column":62}},"type":"if","locations":[{"start":{"line":23,"column":4},"end":{"line":23,"column":62}},{"start":{"line":23,"column":4},"end":{"line":23,"column":62}}]},"3":{"loc":{"start":{"line":24,"column":4},"end":{"line":38,"column":32}},"type":"if","locations":[{"start":{"line":24,"column":4},"end":{"line":38,"column":32}},{"start":{"line":24,"column":4},"end":{"line":38,"column":32}}]},"4":{"loc":{"start":{"line":29,"column":12},"end":{"line":33,"column":null}},"type":"if","locations":[{"start":{"line":29,"column":12},"end":{"line":33,"column":null}},{"start":{"line":29,"column":12},"end":{"line":33,"column":null}}]},"5":{"loc":{"start":{"line":41,"column":4},"end":{"line":45,"column":null}},"type":"if","locations":[{"start":{"line":41,"column":4},"end":{"line":45,"column":null}},{"start":{"line":41,"column":4},"end":{"line":45,"column":null}}]},"6":{"loc":{"start":{"line":41,"column":8},"end":{"line":41,"column":45}},"type":"binary-expr","locations":[{"start":{"line":41,"column":8},"end":{"line":41,"column":45}},{"start":{"line":41,"column":49},"end":{"line":41,"column":116}}]},"7":{"loc":{"start":{"line":43,"column":11},"end":{"line":45,"column":null}},"type":"if","locations":[{"start":{"line":43,"column":11},"end":{"line":45,"column":null}},{"start":{"line":43,"column":11},"end":{"line":45,"column":null}}]},"8":{"loc":{"start":{"line":53,"column":7},"end":{"line":53,"column":18}},"type":"binary-expr","locations":[{"start":{"line":53,"column":7},"end":{"line":53,"column":18}},{"start":{"line":53,"column":22},"end":{"line":53,"column":85}}]},"9":{"loc":{"start":{"line":58,"column":7},"end":{"line":58,"column":14}},"type":"binary-expr","locations":[{"start":{"line":58,"column":7},"end":{"line":58,"column":14}},{"start":{"line":58,"column":18},"end":{"line":58,"column":59}}]}},"s":{"0":2,"1":2,"2":2,"3":2,"4":2,"5":19,"6":19,"7":29,"8":19,"9":19,"10":19,"11":19,"12":19,"13":19,"14":19,"15":16,"16":6,"17":16,"18":3,"19":16,"20":0,"21":16,"22":0,"23":0,"24":0,"25":0,"26":0,"27":0,"28":0,"29":0,"30":0,"31":0,"32":16,"33":2,"34":0,"35":0,"36":2,"37":0,"38":0,"39":19,"40":10,"41":19,"42":1,"43":1,"44":1,"45":1,"46":1,"47":2},"f":{"0":19,"1":29,"2":16,"3":0,"4":0,"5":0,"6":2,"7":0,"8":0,"9":10,"10":1,"11":1,"12":1,"13":1,"14":1},"b":{"0":[6,10],"1":[3,13],"2":[0,16],"3":[0,16],"4":[0,0],"5":[0,2],"6":[2,1],"7":[0,2],"8":[19,9],"9":[19,0]}}
,"D:\\Proga\\RSSchool React\\rss-react\\react-testing\\src\\components\\header.tsx": {"path":"D:\\Proga\\RSSchool React\\rss-react\\react-testing\\src\\components\\header.tsx","statementMap":{"0":{"start":{"line":1,"column":0},"end":{"line":1,"column":65}},"1":{"start":{"line":2,"column":0},"end":{"line":2,"column":65}},"2":{"start":{"line":3,"column":0},"end":{"line":3,"column":22}},"3":{"start":{"line":5,"column":15},"end":{"line":56,"column":1}},"4":{"start":{"line":7,"column":38},"end":{"line":10,"column":4}},"5":{"start":{"line":12,"column":19},"end":{"line":12,"column":32}},"6":{"start":{"line":13,"column":18},"end":{"line":13,"column":30}},"7":{"start":{"line":14,"column":2},"end":{"line":36,"column":26}},"8":{"start":{"line":15,"column":4},"end":{"line":35,"column":32}},"9":{"start":{"line":16,"column":6},"end":{"line":19,"column":null}},"10":{"start":{"line":20,"column":11},"end":{"line":35,"column":32}},"11":{"start":{"line":21,"column":6},"end":{"line":24,"column":null}},"12":{"start":{"line":25,"column":11},"end":{"line":35,"column":32}},"13":{"start":{"line":26,"column":6},"end":{"line":29,"column":null}},"14":{"start":{"line":30,"column":11},"end":{"line":35,"column":32}},"15":{"start":{"line":31,"column":6},"end":{"line":34,"column":null}},"16":{"start":{"line":35,"column":11},"end":{"line":35,"column":32}},"17":{"start":{"line":38,"column":2},"end":{"line":55,"column":null}},"18":{"start":{"line":58,"column":0},"end":{"line":58,"column":22}}},"fnMap":{"0":{"name":"(anonymous_6)","decl":{"start":{"line":5,"column":15},"end":{"line":5,"column":32}},"loc":{"start":{"line":5,"column":34},"end":{"line":56,"column":1}}},"1":{"name":"(anonymous_7)","decl":{"start":{"line":14,"column":12},"end":{"line":14,"column":15}},"loc":{"start":{"line":14,"column":17},"end":{"line":36,"column":3}}}},"branchMap":{"0":{"loc":{"start":{"line":15,"column":4},"end":{"line":35,"column":32}},"type":"if","locations":[{"start":{"line":15,"column":4},"end":{"line":35,"column":32}},{"start":{"line":15,"column":4},"end":{"line":35,"column":32}}]},"1":{"loc":{"start":{"line":20,"column":11},"end":{"line":35,"column":32}},"type":"if","locations":[{"start":{"line":20,"column":11},"end":{"line":35,"column":32}},{"start":{"line":20,"column":11},"end":{"line":35,"column":32}}]},"2":{"loc":{"start":{"line":25,"column":11},"end":{"line":35,"column":32}},"type":"if","locations":[{"start":{"line":25,"column":11},"end":{"line":35,"column":32}},{"start":{"line":25,"column":11},"end":{"line":35,"column":32}}]},"3":{"loc":{"start":{"line":30,"column":11},"end":{"line":35,"column":32}},"type":"if","locations":[{"start":{"line":30,"column":11},"end":{"line":35,"column":32}},{"start":{"line":30,"column":11},"end":{"line":35,"column":32}}]}},"s":{"0":2,"1":2,"2":2,"3":2,"4":14,"5":14,"6":14,"7":14,"8":7,"9":3,"10":4,"11":2,"12":2,"13":1,"14":1,"15":1,"16":0,"17":14,"18":2},"f":{"0":14,"1":7},"b":{"0":[3,4],"1":[2,2],"2":[1,1],"3":[1,0]}}
,"D:\\Proga\\RSSchool React\\rss-react\\react-testing\\src\\components\\page-details.tsx": {"path":"D:\\Proga\\RSSchool React\\rss-react\\react-testing\\src\\components\\page-details.tsx","statementMap":{"0":{"start":{"line":1,"column":0},"end":{"line":1,"column":67}},"1":{"start":{"line":2,"column":0},"end":{"line":2,"column":55}},"2":{"start":{"line":3,"column":0},"end":{"line":3,"column":52}},"3":{"start":{"line":5,"column":0},"end":{"line":5,"column":28}},"4":{"start":{"line":12,"column":20},"end":{"line":40,"column":1}},"5":{"start":{"line":14,"column":26},"end":{"line":14,"column":49}},"6":{"start":{"line":15,"column":28},"end":{"line":15,"column":74}},"7":{"start":{"line":15,"column":62},"end":{"line":15,"column":73}},"8":{"start":{"line":16,"column":19},"end":{"line":16,"column":32}},"9":{"start":{"line":18,"column":2},"end":{"line":24,"column":null}},"10":{"start":{"line":19,"column":4},"end":{"line":23,"column":77}},"11":{"start":{"line":20,"column":4},"end":{"line":23,"column":77}},"12":{"start":{"line":21,"column":22},"end":{"line":21,"column":33}},"13":{"start":{"line":22,"column":22},"end":{"line":22,"column":47}},"14":{"start":{"line":23,"column":20},"end":{"line":23,"column":75}},"15":{"start":{"line":26,"column":2},"end":{"line":39,"column":null}},"16":{"start":{"line":42,"column":0},"end":{"line":42,"column":27}}},"fnMap":{"0":{"name":"(anonymous_6)","decl":{"start":{"line":12,"column":20},"end":{"line":12,"column":21}},"loc":{"start":{"line":12,"column":67},"end":{"line":40,"column":1}}},"1":{"name":"(anonymous_7)","decl":{"start":{"line":15,"column":40},"end":{"line":15,"column":41}},"loc":{"start":{"line":15,"column":62},"end":{"line":15,"column":73}}},"2":{"name":"(anonymous_8)","decl":{"start":{"line":18,"column":12},"end":{"line":18,"column":15}},"loc":{"start":{"line":18,"column":17},"end":{"line":24,"column":3}}},"3":{"name":"(anonymous_9)","decl":{"start":{"line":21,"column":12},"end":{"line":21,"column":13}},"loc":{"start":{"line":21,"column":22},"end":{"line":21,"column":33}}},"4":{"name":"(anonymous_10)","decl":{"start":{"line":22,"column":12},"end":{"line":22,"column":13}},"loc":{"start":{"line":22,"column":22},"end":{"line":22,"column":47}}},"5":{"name":"(anonymous_11)","decl":{"start":{"line":23,"column":13},"end":{"line":23,"column":14}},"loc":{"start":{"line":23,"column":20},"end":{"line":23,"column":75}}}},"branchMap":{"0":{"loc":{"start":{"line":19,"column":4},"end":{"line":23,"column":77}},"type":"if","locations":[{"start":{"line":19,"column":4},"end":{"line":23,"column":77}},{"start":{"line":19,"column":4},"end":{"line":23,"column":77}}]},"1":{"loc":{"start":{"line":28,"column":5},"end":{"line":28,"column":16}},"type":"binary-expr","locations":[{"start":{"line":28,"column":5},"end":{"line":28,"column":16}},{"start":{"line":28,"column":20},"end":{"line":28,"column":24}},{"start":{"line":28,"column":28},"end":{"line":28,"column":49}}]},"2":{"loc":{"start":{"line":29,"column":5},"end":{"line":29,"column":8}},"type":"binary-expr","locations":[{"start":{"line":29,"column":5},"end":{"line":29,"column":8}},{"start":{"line":29,"column":12},"end":{"line":29,"column":null}}]},"3":{"loc":{"start":{"line":30,"column":5},"end":{"line":30,"column":15}},"type":"binary-expr","locations":[{"start":{"line":30,"column":5},"end":{"line":30,"column":15}},{"start":{"line":31,"column":6},"end":{"line":36,"column":null}}]}},"s":{"0":2,"1":2,"2":2,"3":2,"4":2,"5":3,"6":3,"7":6,"8":3,"9":3,"10":3,"11":0,"12":0,"13":0,"14":0,"15":3,"16":2},"f":{"0":3,"1":6,"2":3,"3":0,"4":0,"5":0},"b":{"0":[0,3],"1":[3,3,3],"2":[3,0],"3":[3,0]}}
,"D:\\Proga\\RSSchool React\\rss-react\\react-testing\\src\\components\\table.tsx": {"path":"D:\\Proga\\RSSchool React\\rss-react\\react-testing\\src\\components\\table.tsx","statementMap":{"0":{"start":{"line":1,"column":0},"end":{"line":1,"column":44}},"1":{"start":{"line":2,"column":0},"end":{"line":2,"column":42}},"2":{"start":{"line":3,"column":0},"end":{"line":3,"column":40}},"3":{"start":{"line":5,"column":0},"end":{"line":5,"column":21}},"4":{"start":{"line":10,"column":19},"end":{"line":10,"column":68}},"5":{"start":{"line":10,"column":53},"end":{"line":10,"column":67}},"6":{"start":{"line":11,"column":20},"end":{"line":24,"column":4}},"7":{"start":{"line":12,"column":15},"end":{"line":12,"column":23}},"8":{"start":{"line":13,"column":4},"end":{"line":23,"column":null}},"9":{"start":{"line":26,"column":2},"end":{"line":43,"column":null}},"10":{"start":{"line":46,"column":0},"end":{"line":46,"column":21}}},"fnMap":{"0":{"name":"Table","decl":{"start":{"line":8,"column":9},"end":{"line":8,"column":14}},"loc":{"start":{"line":8,"column":14},"end":{"line":44,"column":1}}},"1":{"name":"(anonymous_2)","decl":{"start":{"line":10,"column":31},"end":{"line":10,"column":32}},"loc":{"start":{"line":10,"column":53},"end":{"line":10,"column":67}}},"2":{"name":"(anonymous_3)","decl":{"start":{"line":11,"column":33},"end":{"line":11,"column":34}},"loc":{"start":{"line":11,"column":58},"end":{"line":24,"column":3}}}},"branchMap":{},"s":{"0":1,"1":1,"2":1,"3":1,"4":3,"5":5,"6":3,"7":0,"8":0,"9":3,"10":1},"f":{"0":3,"1":5,"2":0},"b":{}}
}
