TN:
SF:mocks\styleMock.js
FNF:0
FNH:0
DA:1,5
LF:1
LH:1
BRF:0
BRH:0
end_of_record
TN:
SF:src\app\actions.ts
FN:14,(anonymous_0)
FN:15,(anonymous_1)
FNF:2
FNH:2
FNDA:1,(anonymous_0)
FNDA:1,(anonymous_1)
DA:14,3
DA:15,3
LF:2
LH:2
BRF:0
BRH:0
end_of_record
TN:
SF:src\app\reducer.tsx
FN:8,reducer
FNF:1
FNH:1
FNDA:6,reducer
DA:1,5
DA:9,6
DA:11,0
DA:13,1
DA:18,5
DA:21,5
LF:6
LH:5
BRDA:8,0,0,4
BRDA:10,1,0,0
BRDA:10,1,1,1
BRDA:10,1,2,5
BRF:4
BRH:3
end_of_record
TN:
SF:src\app\store.tsx
FNF:0
FNH:0
DA:1,4
DA:2,4
DA:3,4
DA:13,4
DA:17,4
LF:5
LH:5
BRF:0
BRH:0
end_of_record
TN:
SF:src\components\404.tsx
FN:4,(anonymous_1)
FNF:1
FNH:1
FNDA:1,(anonymous_1)
DA:1,2
DA:2,2
DA:4,2
DA:5,1
DA:11,2
LF:5
LH:5
BRF:0
BRH:0
end_of_record
TN:
SF:src\components\app.tsx
FN:12,(anonymous_1)
FN:14,(anonymous_2)
FN:20,(anonymous_3)
FN:36,(anonymous_4)
FN:49,(anonymous_5)
FNF:5
FNH:4
FNDA:2,(anonymous_1)
FNDA:4,(anonymous_2)
FNDA:3,(anonymous_3)
FNDA:3,(anonymous_4)
FNDA:0,(anonymous_5)
DA:1,1
DA:2,1
DA:3,1
DA:4,1
DA:5,1
DA:6,1
DA:7,1
DA:8,1
DA:9,1
DA:12,1
DA:14,4
DA:16,2
DA:21,3
DA:37,3
DA:50,0
DA:51,0
DA:52,0
DA:53,0
DA:64,1
LF:19
LH:15
BRDA:29,0,0,3
BRDA:29,0,1,0
BRDA:30,1,0,3
BRDA:30,1,1,3
BRF:4
BRH:3
end_of_record
TN:
SF:src\components\form.tsx
FN:7,(anonymous_6)
FN:10,(anonymous_7)
FN:20,handleSubmit
FN:27,(anonymous_9)
FN:28,(anonymous_10)
FN:34,(anonymous_11)
FN:40,changePageNumber
FN:42,(anonymous_13)
FN:44,(anonymous_14)
FN:47,(anonymous_15)
FN:55,(anonymous_16)
FN:60,(anonymous_17)
FN:61,(anonymous_18)
FN:62,(anonymous_19)
FN:70,(anonymous_20)
FNF:15
FNH:10
FNDA:19,(anonymous_6)
FNDA:29,(anonymous_7)
FNDA:16,handleSubmit
FNDA:0,(anonymous_9)
FNDA:0,(anonymous_10)
FNDA:0,(anonymous_11)
FNDA:2,changePageNumber
FNDA:0,(anonymous_13)
FNDA:0,(anonymous_14)
FNDA:10,(anonymous_15)
FNDA:1,(anonymous_16)
FNDA:1,(anonymous_17)
FNDA:1,(anonymous_18)
FNDA:1,(anonymous_19)
FNDA:1,(anonymous_20)
DA:1,2
DA:2,2
DA:3,2
DA:4,2
DA:7,2
DA:9,19
DA:10,29
DA:12,19
DA:13,19
DA:14,19
DA:15,19
DA:16,19
DA:17,19
DA:18,19
DA:21,16
DA:22,16
DA:23,16
DA:24,16
DA:25,0
DA:26,0
DA:27,0
DA:29,0
DA:30,0
DA:31,0
DA:32,0
DA:33,0
DA:35,0
DA:36,0
DA:38,16
DA:41,2
DA:42,0
DA:43,2
DA:44,0
DA:47,19
DA:48,10
DA:51,19
DA:55,1
DA:60,1
DA:61,1
DA:62,1
DA:70,1
DA:83,2
LF:42
LH:30
BRDA:21,0,0,6
BRDA:21,0,1,10
BRDA:22,1,0,3
BRDA:22,1,1,13
BRDA:23,2,0,0
BRDA:23,2,1,16
BRDA:24,3,0,0
BRDA:24,3,1,16
BRDA:29,4,0,0
BRDA:29,4,1,0
BRDA:41,5,0,0
BRDA:41,5,1,2
BRDA:41,6,0,2
BRDA:41,6,1,1
BRDA:43,7,0,0
BRDA:43,7,1,2
BRDA:53,8,0,19
BRDA:53,8,1,9
BRDA:58,9,0,19
BRDA:58,9,1,0
BRF:20
BRH:13
end_of_record
TN:
SF:src\components\header.tsx
FN:5,(anonymous_6)
FN:14,(anonymous_7)
FNF:2
FNH:2
FNDA:14,(anonymous_6)
FNDA:7,(anonymous_7)
DA:1,2
DA:2,2
DA:3,2
DA:5,2
DA:7,14
DA:12,14
DA:13,14
DA:14,14
DA:15,7
DA:16,3
DA:20,4
DA:21,2
DA:25,2
DA:26,1
DA:30,1
DA:31,1
DA:35,0
DA:38,14
DA:58,2
LF:19
LH:18
BRDA:15,0,0,3
BRDA:15,0,1,4
BRDA:20,1,0,2
BRDA:20,1,1,2
BRDA:25,2,0,1
BRDA:25,2,1,1
BRDA:30,3,0,1
BRDA:30,3,1,0
BRF:8
BRH:7
end_of_record
TN:
SF:src\components\page-details.tsx
FN:12,(anonymous_6)
FN:15,(anonymous_7)
FN:18,(anonymous_8)
FN:21,(anonymous_9)
FN:22,(anonymous_10)
FN:23,(anonymous_11)
FNF:6
FNH:3
FNDA:3,(anonymous_6)
FNDA:6,(anonymous_7)
FNDA:3,(anonymous_8)
FNDA:0,(anonymous_9)
FNDA:0,(anonymous_10)
FNDA:0,(anonymous_11)
DA:1,2
DA:2,2
DA:3,2
DA:5,2
DA:12,2
DA:14,3
DA:15,6
DA:16,3
DA:18,3
DA:19,3
DA:20,0
DA:21,0
DA:22,0
DA:23,0
DA:26,3
DA:42,2
LF:16
LH:12
BRDA:19,0,0,0
BRDA:19,0,1,3
BRDA:28,1,0,3
BRDA:28,1,1,3
BRDA:28,1,2,3
BRDA:29,2,0,3
BRDA:29,2,1,0
BRDA:30,3,0,3
BRDA:30,3,1,0
BRF:9
BRH:6
end_of_record
TN:
SF:src\components\table.tsx
FN:8,Table
FN:10,(anonymous_2)
FN:11,(anonymous_3)
FNF:3
FNH:2
FNDA:3,Table
FNDA:5,(anonymous_2)
FNDA:0,(anonymous_3)
DA:1,1
DA:2,1
DA:3,1
DA:5,1
DA:10,5
DA:11,3
DA:12,0
DA:13,0
DA:26,3
DA:46,1
LF:10
LH:8
BRF:0
BRH:0
end_of_record
